19:54:50 INFO g.u.c.n.u.DatabaseUtil: *************** Initializing database.
19:54:50 ERROR g.u.w.j.u.SqlUtils: Could not open Connection object: Need to specify class name in environment or system property, or as an applet parameter, or in an application resource file:  java.naming.factory.initial
19:54:50 TRACE g.u.w.j.u.SqlUtils: Could not find JNDI hook. Trying simple JDBC connection.
19:54:51 TRACE g.u.w.j.u.SqlUtils: Opened Testing Connection 1128916529. Total:1
19:54:51 DEBUG g.u.w.j.u.SqlUtils: Connection Cycle started:1128916529, Total Unfinished:1
19:54:52 DEBUG g.u.c.n.u.DatabaseUtil: Creating table: COLLECTION_TYPE ...
19:54:52 DEBUG g.u.c.n.u.DatabaseUtil: ...done
19:54:52 DEBUG g.u.c.n.u.DatabaseUtil: Creating table: DATA_TYPE ...
19:54:52 DEBUG g.u.c.n.u.DatabaseUtil: ...done
19:54:52 DEBUG g.u.c.n.u.DatabaseUtil: Creating table: DATA_FORMAT ...
19:54:52 DEBUG g.u.c.n.u.DatabaseUtil: ...done
19:54:52 DEBUG g.u.c.n.u.DatabaseUtil: Creating table: DOCUMENTATION_TYPE ...
19:54:52 DEBUG g.u.c.n.u.DatabaseUtil: ...done
19:54:52 DEBUG g.u.c.n.u.DatabaseUtil: Creating table: SERVICE_TYPE ...
19:54:52 DEBUG g.u.c.n.u.DatabaseUtil: ...done
19:54:52 DEBUG g.u.c.n.u.DatabaseUtil: Creating table: CONTROLLED_VOCABULARY ...
19:54:52 DEBUG g.u.c.n.u.DatabaseUtil: ...done
19:54:52 DEBUG g.u.c.n.u.DatabaseUtil: Creating table: GLOBAL_CONFIG ...
19:54:52 DEBUG g.u.c.n.u.DatabaseUtil: ...done
19:54:52 DEBUG g.u.c.n.u.DatabaseUtil: Creating table: CATALOG ...
19:54:52 DEBUG g.u.c.n.u.DatabaseUtil: ...done
19:54:52 DEBUG g.u.c.n.u.DatabaseUtil: Creating table: INGEST ...
19:54:52 DEBUG g.u.c.n.u.DatabaseUtil: ...done
19:54:52 DEBUG g.u.c.n.u.DatabaseUtil: Creating table: DATASET ...
19:54:52 DEBUG g.u.c.n.u.DatabaseUtil: ...done
19:54:52 DEBUG g.u.c.n.u.DatabaseUtil: Creating table: SERVICE ...
19:54:52 DEBUG g.u.c.n.u.DatabaseUtil: ...done
19:54:52 DEBUG g.u.c.n.u.DatabaseUtil: Creating table: ACCESS ...
19:54:53 DEBUG g.u.c.n.u.DatabaseUtil: ...done
19:54:53 DEBUG g.u.c.n.u.DatabaseUtil: Creating table: DOCUMENTATION ...
19:54:53 DEBUG g.u.c.n.u.DatabaseUtil: ...done
19:54:53 DEBUG g.u.c.n.u.DatabaseUtil: Creating table: PROPERTY ...
19:54:53 DEBUG g.u.c.n.u.DatabaseUtil: ...done
19:54:53 DEBUG g.u.c.n.u.DatabaseUtil: Creating table: KEYWORD ...
19:54:53 DEBUG g.u.c.n.u.DatabaseUtil: ...done
19:54:53 DEBUG g.u.c.n.u.DatabaseUtil: Creating table: CONTRIBUTOR ...
19:54:53 DEBUG g.u.c.n.u.DatabaseUtil: ...done
19:54:53 DEBUG g.u.c.n.u.DatabaseUtil: Creating table: CREATOR ...
19:54:53 DEBUG g.u.c.n.u.DatabaseUtil: ...done
19:54:53 DEBUG g.u.c.n.u.DatabaseUtil: Creating table: KEYWORD_JOIN ...
19:54:53 DEBUG g.u.c.n.u.DatabaseUtil: ...done
19:54:53 DEBUG g.u.c.n.u.DatabaseUtil: Creating table: CONTRIBUTOR_JOIN ...
19:54:53 DEBUG g.u.c.n.u.DatabaseUtil: ...done
19:54:53 DEBUG g.u.c.n.u.DatabaseUtil: Creating table: CREATOR_JOIN ...
19:54:53 DEBUG g.u.c.n.u.DatabaseUtil: ...done
19:54:53 INFO g.u.c.n.u.DatabaseUtil: *************** Database has been initialized.
19:54:53 TRACE g.u.w.j.u.SqlUtils: Closing Connection 1128916529
19:54:53 TRACE g.u.w.j.u.SqlUtils: Closed Connection. Total:0
19:54:53 DEBUG g.u.w.j.u.SqlUtils: Connection Cycle finished:1128916529, Total Unfinished:0
19:54:53 ERROR g.u.w.j.u.SqlUtils: Could not open Connection object: Need to specify class name in environment or system property, or as an applet parameter, or in an application resource file:  java.naming.factory.initial
19:54:53 TRACE g.u.w.j.u.SqlUtils: Could not find JNDI hook. Trying simple JDBC connection.
19:54:53 TRACE g.u.w.j.u.SqlUtils: Opened Testing Connection 764334724. Total:1
19:54:53 DEBUG g.u.w.j.u.SqlUtils: Connection Cycle started:764334724, Total Unfinished:1
19:54:53 TRACE g.u.w.j.u.SqlUtils: Closing Connection 764334724
19:54:53 TRACE g.u.w.j.u.SqlUtils: Closed Connection. Total:0
19:54:53 DEBUG g.u.w.j.u.SqlUtils: Connection Cycle finished:764334724, Total Unfinished:0
19:54:53 ERROR g.u.w.j.u.SqlUtils: Could not open Connection object: Need to specify class name in environment or system property, or as an applet parameter, or in an application resource file:  java.naming.factory.initial
19:54:53 TRACE g.u.w.j.u.SqlUtils: Could not find JNDI hook. Trying simple JDBC connection.
19:54:53 DEBUG g.u.w.j.u.SqlUtils: Connection Cycle started:-1, Total Unfinished:1
19:56:00 INFO g.u.c.n.u.DatabaseUtil: *************** Initializing database.
19:56:00 ERROR g.u.w.j.u.SqlUtils: Could not open Connection object: Need to specify class name in environment or system property, or as an applet parameter, or in an application resource file:  java.naming.factory.initial
19:56:00 TRACE g.u.w.j.u.SqlUtils: Could not find JNDI hook. Trying simple JDBC connection.
19:56:02 TRACE g.u.w.j.u.SqlUtils: Opened Testing Connection 1372765087. Total:1
19:56:02 DEBUG g.u.w.j.u.SqlUtils: Connection Cycle started:1372765087, Total Unfinished:1
19:56:02 DEBUG g.u.c.n.u.DatabaseUtil: Creating table: COLLECTION_TYPE ...
19:56:02 DEBUG g.u.c.n.u.DatabaseUtil: ...done
19:56:02 DEBUG g.u.c.n.u.DatabaseUtil: Creating table: DATA_TYPE ...
19:56:02 DEBUG g.u.c.n.u.DatabaseUtil: ...done
19:56:02 DEBUG g.u.c.n.u.DatabaseUtil: Creating table: DATA_FORMAT ...
19:56:02 DEBUG g.u.c.n.u.DatabaseUtil: ...done
19:56:02 DEBUG g.u.c.n.u.DatabaseUtil: Creating table: DOCUMENTATION_TYPE ...
19:56:02 DEBUG g.u.c.n.u.DatabaseUtil: ...done
19:56:02 DEBUG g.u.c.n.u.DatabaseUtil: Creating table: SERVICE_TYPE ...
19:56:02 DEBUG g.u.c.n.u.DatabaseUtil: ...done
19:56:02 DEBUG g.u.c.n.u.DatabaseUtil: Creating table: CONTROLLED_VOCABULARY ...
19:56:02 DEBUG g.u.c.n.u.DatabaseUtil: ...done
19:56:02 DEBUG g.u.c.n.u.DatabaseUtil: Creating table: GLOBAL_CONFIG ...
19:56:02 DEBUG g.u.c.n.u.DatabaseUtil: ...done
19:56:02 DEBUG g.u.c.n.u.DatabaseUtil: Creating table: CATALOG ...
19:56:02 DEBUG g.u.c.n.u.DatabaseUtil: ...done
19:56:02 DEBUG g.u.c.n.u.DatabaseUtil: Creating table: INGEST ...
19:56:03 DEBUG g.u.c.n.u.DatabaseUtil: ...done
19:56:03 DEBUG g.u.c.n.u.DatabaseUtil: Creating table: DATASET ...
19:56:03 DEBUG g.u.c.n.u.DatabaseUtil: ...done
19:56:03 DEBUG g.u.c.n.u.DatabaseUtil: Creating table: SERVICE ...
19:56:03 DEBUG g.u.c.n.u.DatabaseUtil: ...done
19:56:03 DEBUG g.u.c.n.u.DatabaseUtil: Creating table: ACCESS ...
19:56:03 DEBUG g.u.c.n.u.DatabaseUtil: ...done
19:56:03 DEBUG g.u.c.n.u.DatabaseUtil: Creating table: DOCUMENTATION ...
19:56:03 DEBUG g.u.c.n.u.DatabaseUtil: ...done
19:56:03 DEBUG g.u.c.n.u.DatabaseUtil: Creating table: PROPERTY ...
19:56:03 DEBUG g.u.c.n.u.DatabaseUtil: ...done
19:56:03 DEBUG g.u.c.n.u.DatabaseUtil: Creating table: KEYWORD ...
19:56:03 DEBUG g.u.c.n.u.DatabaseUtil: ...done
19:56:03 DEBUG g.u.c.n.u.DatabaseUtil: Creating table: CONTRIBUTOR ...
19:56:03 DEBUG g.u.c.n.u.DatabaseUtil: ...done
19:56:03 DEBUG g.u.c.n.u.DatabaseUtil: Creating table: CREATOR ...
19:56:03 DEBUG g.u.c.n.u.DatabaseUtil: ...done
19:56:03 DEBUG g.u.c.n.u.DatabaseUtil: Creating table: KEYWORD_JOIN ...
19:56:03 DEBUG g.u.c.n.u.DatabaseUtil: ...done
19:56:03 DEBUG g.u.c.n.u.DatabaseUtil: Creating table: CONTRIBUTOR_JOIN ...
19:56:03 DEBUG g.u.c.n.u.DatabaseUtil: ...done
19:56:03 DEBUG g.u.c.n.u.DatabaseUtil: Creating table: CREATOR_JOIN ...
19:56:03 DEBUG g.u.c.n.u.DatabaseUtil: ...done
19:56:03 INFO g.u.c.n.u.DatabaseUtil: *************** Database has been initialized.
19:56:03 TRACE g.u.w.j.u.SqlUtils: Closing Connection 1372765087
19:56:03 TRACE g.u.w.j.u.SqlUtils: Closed Connection. Total:0
19:56:03 DEBUG g.u.w.j.u.SqlUtils: Connection Cycle finished:1372765087, Total Unfinished:0
19:56:03 ERROR g.u.w.j.u.SqlUtils: Could not open Connection object: Need to specify class name in environment or system property, or as an applet parameter, or in an application resource file:  java.naming.factory.initial
19:56:03 TRACE g.u.w.j.u.SqlUtils: Could not find JNDI hook. Trying simple JDBC connection.
19:56:03 TRACE g.u.w.j.u.SqlUtils: Opened Testing Connection 119396700. Total:1
19:56:03 DEBUG g.u.w.j.u.SqlUtils: Connection Cycle started:119396700, Total Unfinished:1
19:56:03 TRACE g.u.w.j.u.SqlUtils: Closing Connection 119396700
19:56:03 TRACE g.u.w.j.u.SqlUtils: Closed Connection. Total:0
19:56:03 DEBUG g.u.w.j.u.SqlUtils: Connection Cycle finished:119396700, Total Unfinished:0
19:56:03 ERROR g.u.w.j.u.SqlUtils: Could not open Connection object: Need to specify class name in environment or system property, or as an applet parameter, or in an application resource file:  java.naming.factory.initial
19:56:03 TRACE g.u.w.j.u.SqlUtils: Could not find JNDI hook. Trying simple JDBC connection.
19:56:04 DEBUG g.u.w.j.u.SqlUtils: Connection Cycle started:-1, Total Unfinished:1
19:56:45 INFO g.u.c.n.u.DatabaseUtil: *************** Initializing database.
19:56:45 ERROR g.u.w.j.u.SqlUtils: Could not open Connection object: Need to specify class name in environment or system property, or as an applet parameter, or in an application resource file:  java.naming.factory.initial
19:56:45 TRACE g.u.w.j.u.SqlUtils: Could not find JNDI hook. Trying simple JDBC connection.
19:56:46 TRACE g.u.w.j.u.SqlUtils: Opened Testing Connection 451237309. Total:1
19:56:46 DEBUG g.u.w.j.u.SqlUtils: Connection Cycle started:451237309, Total Unfinished:1
19:56:46 DEBUG g.u.c.n.u.DatabaseUtil: Creating table: COLLECTION_TYPE ...
19:56:46 DEBUG g.u.c.n.u.DatabaseUtil: ...done
19:56:46 DEBUG g.u.c.n.u.DatabaseUtil: Creating table: DATA_TYPE ...
19:56:46 DEBUG g.u.c.n.u.DatabaseUtil: ...done
19:56:46 DEBUG g.u.c.n.u.DatabaseUtil: Creating table: DATA_FORMAT ...
19:56:46 DEBUG g.u.c.n.u.DatabaseUtil: ...done
19:56:46 DEBUG g.u.c.n.u.DatabaseUtil: Creating table: DOCUMENTATION_TYPE ...
19:56:46 DEBUG g.u.c.n.u.DatabaseUtil: ...done
19:56:46 DEBUG g.u.c.n.u.DatabaseUtil: Creating table: SERVICE_TYPE ...
19:56:46 DEBUG g.u.c.n.u.DatabaseUtil: ...done
19:56:46 DEBUG g.u.c.n.u.DatabaseUtil: Creating table: CONTROLLED_VOCABULARY ...
19:56:46 DEBUG g.u.c.n.u.DatabaseUtil: ...done
19:56:46 DEBUG g.u.c.n.u.DatabaseUtil: Creating table: GLOBAL_CONFIG ...
19:56:47 DEBUG g.u.c.n.u.DatabaseUtil: ...done
19:56:47 DEBUG g.u.c.n.u.DatabaseUtil: Creating table: CATALOG ...
19:56:47 DEBUG g.u.c.n.u.DatabaseUtil: ...done
19:56:47 DEBUG g.u.c.n.u.DatabaseUtil: Creating table: INGEST ...
19:56:47 DEBUG g.u.c.n.u.DatabaseUtil: ...done
19:56:47 DEBUG g.u.c.n.u.DatabaseUtil: Creating table: DATASET ...
19:56:47 DEBUG g.u.c.n.u.DatabaseUtil: ...done
19:56:47 DEBUG g.u.c.n.u.DatabaseUtil: Creating table: SERVICE ...
19:56:47 DEBUG g.u.c.n.u.DatabaseUtil: ...done
19:56:47 DEBUG g.u.c.n.u.DatabaseUtil: Creating table: ACCESS ...
19:56:47 DEBUG g.u.c.n.u.DatabaseUtil: ...done
19:56:47 DEBUG g.u.c.n.u.DatabaseUtil: Creating table: DOCUMENTATION ...
19:56:47 DEBUG g.u.c.n.u.DatabaseUtil: ...done
19:56:47 DEBUG g.u.c.n.u.DatabaseUtil: Creating table: PROPERTY ...
19:56:47 DEBUG g.u.c.n.u.DatabaseUtil: ...done
19:56:47 DEBUG g.u.c.n.u.DatabaseUtil: Creating table: KEYWORD ...
19:56:47 DEBUG g.u.c.n.u.DatabaseUtil: ...done
19:56:47 DEBUG g.u.c.n.u.DatabaseUtil: Creating table: CONTRIBUTOR ...
19:56:47 DEBUG g.u.c.n.u.DatabaseUtil: ...done
19:56:47 DEBUG g.u.c.n.u.DatabaseUtil: Creating table: CREATOR ...
19:56:47 DEBUG g.u.c.n.u.DatabaseUtil: ...done
19:56:47 DEBUG g.u.c.n.u.DatabaseUtil: Creating table: KEYWORD_JOIN ...
19:56:48 DEBUG g.u.c.n.u.DatabaseUtil: ...done
19:56:48 DEBUG g.u.c.n.u.DatabaseUtil: Creating table: CONTRIBUTOR_JOIN ...
19:56:48 DEBUG g.u.c.n.u.DatabaseUtil: ...done
19:56:48 DEBUG g.u.c.n.u.DatabaseUtil: Creating table: CREATOR_JOIN ...
19:56:48 DEBUG g.u.c.n.u.DatabaseUtil: ...done
19:56:48 INFO g.u.c.n.u.DatabaseUtil: *************** Database has been initialized.
19:56:48 TRACE g.u.w.j.u.SqlUtils: Closing Connection 451237309
19:56:48 TRACE g.u.w.j.u.SqlUtils: Closed Connection. Total:0
19:56:48 DEBUG g.u.w.j.u.SqlUtils: Connection Cycle finished:451237309, Total Unfinished:0
19:56:48 ERROR g.u.w.j.u.SqlUtils: Could not open Connection object: Need to specify class name in environment or system property, or as an applet parameter, or in an application resource file:  java.naming.factory.initial
19:56:48 TRACE g.u.w.j.u.SqlUtils: Could not find JNDI hook. Trying simple JDBC connection.
19:56:48 TRACE g.u.w.j.u.SqlUtils: Opened Testing Connection 165814098. Total:1
19:56:48 DEBUG g.u.w.j.u.SqlUtils: Connection Cycle started:165814098, Total Unfinished:1
19:56:48 TRACE g.u.w.j.u.SqlUtils: Closing Connection 165814098
19:56:48 TRACE g.u.w.j.u.SqlUtils: Closed Connection. Total:0
19:56:48 DEBUG g.u.w.j.u.SqlUtils: Connection Cycle finished:165814098, Total Unfinished:0
19:56:48 ERROR g.u.w.j.u.SqlUtils: Could not open Connection object: Need to specify class name in environment or system property, or as an applet parameter, or in an application resource file:  java.naming.factory.initial
19:56:48 TRACE g.u.w.j.u.SqlUtils: Could not find JNDI hook. Trying simple JDBC connection.
19:56:48 DEBUG g.u.w.j.u.SqlUtils: Connection Cycle started:-1, Total Unfinished:1
19:58:14 INFO g.u.c.n.u.DatabaseUtil: *************** Initializing database.
19:58:14 ERROR g.u.w.j.u.SqlUtils: Could not open Connection object: Need to specify class name in environment or system property, or as an applet parameter, or in an application resource file:  java.naming.factory.initial
19:58:14 TRACE g.u.w.j.u.SqlUtils: Could not find JNDI hook. Trying simple JDBC connection.
19:58:15 TRACE g.u.w.j.u.SqlUtils: Opened Testing Connection 80561476. Total:1
19:58:15 DEBUG g.u.w.j.u.SqlUtils: Connection Cycle started:80561476, Total Unfinished:1
19:58:16 DEBUG g.u.c.n.u.DatabaseUtil: Creating table: COLLECTION_TYPE ...
19:58:16 DEBUG g.u.c.n.u.DatabaseUtil: ...done
19:58:16 DEBUG g.u.c.n.u.DatabaseUtil: Creating table: DATA_TYPE ...
19:58:16 DEBUG g.u.c.n.u.DatabaseUtil: ...done
19:58:16 DEBUG g.u.c.n.u.DatabaseUtil: Creating table: DATA_FORMAT ...
19:58:16 DEBUG g.u.c.n.u.DatabaseUtil: ...done
19:58:16 DEBUG g.u.c.n.u.DatabaseUtil: Creating table: DOCUMENTATION_TYPE ...
19:58:16 DEBUG g.u.c.n.u.DatabaseUtil: ...done
19:58:16 DEBUG g.u.c.n.u.DatabaseUtil: Creating table: SERVICE_TYPE ...
19:58:16 DEBUG g.u.c.n.u.DatabaseUtil: ...done
19:58:16 DEBUG g.u.c.n.u.DatabaseUtil: Creating table: CONTROLLED_VOCABULARY ...
19:58:16 DEBUG g.u.c.n.u.DatabaseUtil: ...done
19:58:16 DEBUG g.u.c.n.u.DatabaseUtil: Creating table: GLOBAL_CONFIG ...
19:58:16 DEBUG g.u.c.n.u.DatabaseUtil: ...done
19:58:16 DEBUG g.u.c.n.u.DatabaseUtil: Creating table: CATALOG ...
19:58:16 DEBUG g.u.c.n.u.DatabaseUtil: ...done
19:58:16 DEBUG g.u.c.n.u.DatabaseUtil: Creating table: INGEST ...
19:58:16 DEBUG g.u.c.n.u.DatabaseUtil: ...done
19:58:16 DEBUG g.u.c.n.u.DatabaseUtil: Creating table: DATASET ...
19:58:16 DEBUG g.u.c.n.u.DatabaseUtil: ...done
19:58:16 DEBUG g.u.c.n.u.DatabaseUtil: Creating table: SERVICE ...
19:58:16 DEBUG g.u.c.n.u.DatabaseUtil: ...done
19:58:16 DEBUG g.u.c.n.u.DatabaseUtil: Creating table: ACCESS ...
19:58:16 DEBUG g.u.c.n.u.DatabaseUtil: ...done
19:58:16 DEBUG g.u.c.n.u.DatabaseUtil: Creating table: DOCUMENTATION ...
19:58:17 DEBUG g.u.c.n.u.DatabaseUtil: ...done
19:58:17 DEBUG g.u.c.n.u.DatabaseUtil: Creating table: PROPERTY ...
19:58:17 DEBUG g.u.c.n.u.DatabaseUtil: ...done
19:58:17 DEBUG g.u.c.n.u.DatabaseUtil: Creating table: KEYWORD ...
19:58:17 DEBUG g.u.c.n.u.DatabaseUtil: ...done
19:58:17 DEBUG g.u.c.n.u.DatabaseUtil: Creating table: CONTRIBUTOR ...
19:58:17 DEBUG g.u.c.n.u.DatabaseUtil: ...done
19:58:17 DEBUG g.u.c.n.u.DatabaseUtil: Creating table: CREATOR ...
19:58:17 DEBUG g.u.c.n.u.DatabaseUtil: ...done
19:58:17 DEBUG g.u.c.n.u.DatabaseUtil: Creating table: KEYWORD_JOIN ...
19:58:17 DEBUG g.u.c.n.u.DatabaseUtil: ...done
19:58:17 DEBUG g.u.c.n.u.DatabaseUtil: Creating table: CONTRIBUTOR_JOIN ...
19:58:17 DEBUG g.u.c.n.u.DatabaseUtil: ...done
19:58:17 DEBUG g.u.c.n.u.DatabaseUtil: Creating table: CREATOR_JOIN ...
19:58:17 DEBUG g.u.c.n.u.DatabaseUtil: ...done
19:58:17 INFO g.u.c.n.u.DatabaseUtil: *************** Database has been initialized.
19:58:17 TRACE g.u.w.j.u.SqlUtils: Closing Connection 80561476
19:58:17 TRACE g.u.w.j.u.SqlUtils: Closed Connection. Total:0
19:58:17 DEBUG g.u.w.j.u.SqlUtils: Connection Cycle finished:80561476, Total Unfinished:0
19:58:17 ERROR g.u.w.j.u.SqlUtils: Could not open Connection object: Need to specify class name in environment or system property, or as an applet parameter, or in an application resource file:  java.naming.factory.initial
19:58:17 TRACE g.u.w.j.u.SqlUtils: Could not find JNDI hook. Trying simple JDBC connection.
19:58:17 TRACE g.u.w.j.u.SqlUtils: Opened Testing Connection 2131684134. Total:1
19:58:17 DEBUG g.u.w.j.u.SqlUtils: Connection Cycle started:2131684134, Total Unfinished:1
19:58:17 TRACE g.u.w.j.u.SqlUtils: Closing Connection 2131684134
19:58:17 TRACE g.u.w.j.u.SqlUtils: Closed Connection. Total:0
19:58:17 DEBUG g.u.w.j.u.SqlUtils: Connection Cycle finished:2131684134, Total Unfinished:0
19:58:17 ERROR g.u.w.j.u.SqlUtils: Could not open Connection object: Need to specify class name in environment or system property, or as an applet parameter, or in an application resource file:  java.naming.factory.initial
19:58:17 TRACE g.u.w.j.u.SqlUtils: Could not find JNDI hook. Trying simple JDBC connection.
19:58:17 DEBUG g.u.w.j.u.SqlUtils: Connection Cycle started:-1, Total Unfinished:1
