15:53:48 INFO g.u.c.n.u.DatabaseUtil: *************** Initializing database.
15:53:48 ERROR g.u.w.j.u.SqlUtils: Could not open Connection object: Need to specify class name in environment or system property, or as an applet parameter, or in an application resource file:  java.naming.factory.initial
15:53:48 TRACE g.u.w.j.u.SqlUtils: Could not find JNDI hook. Trying simple JDBC connection.
15:53:56 TRACE g.u.w.j.u.SqlUtils: Opened Testing Connection 489956922. Total:1
15:53:56 DEBUG g.u.w.j.u.SqlUtils: Connection Cycle started:489956922, Total Unfinished:1
15:53:59 INFO g.u.c.n.u.DatabaseUtil: *************** Database has been initialized.
15:53:59 TRACE g.u.w.j.u.SqlUtils: Closing Connection 489956922
15:53:59 TRACE g.u.w.j.u.SqlUtils: Closed Connection. Total:0
15:53:59 DEBUG g.u.w.j.u.SqlUtils: Connection Cycle finished:489956922, Total Unfinished:0
15:53:59 ERROR g.u.w.j.u.SqlUtils: Could not open Connection object: Need to specify class name in environment or system property, or as an applet parameter, or in an application resource file:  java.naming.factory.initial
15:53:59 TRACE g.u.w.j.u.SqlUtils: Could not find JNDI hook. Trying simple JDBC connection.
15:53:59 TRACE g.u.w.j.u.SqlUtils: Opened Testing Connection 709926392. Total:1
15:53:59 DEBUG g.u.w.j.u.SqlUtils: Connection Cycle started:709926392, Total Unfinished:1
15:53:59 INFO g.u.c.n.u.DatabaseUtil: *************** Initializing database.
15:53:59 ERROR g.u.w.j.u.SqlUtils: Could not open Connection object: Need to specify class name in environment or system property, or as an applet parameter, or in an application resource file:  java.naming.factory.initial
15:53:59 TRACE g.u.w.j.u.SqlUtils: Could not find JNDI hook. Trying simple JDBC connection.
15:53:59 TRACE g.u.w.j.u.SqlUtils: Opened Testing Connection 1206507953. Total:2
15:53:59 DEBUG g.u.w.j.u.SqlUtils: Connection Cycle started:1206507953, Total Unfinished:2
15:53:59 TRACE g.u.w.j.u.SqlUtils: Closing Connection 1206507953
15:53:59 TRACE g.u.w.j.u.SqlUtils: Closed Connection. Total:1
15:53:59 DEBUG g.u.w.j.u.SqlUtils: Connection Cycle finished:1206507953, Total Unfinished:1
15:53:59 ERROR g.u.w.j.u.SqlUtils: Could not open Connection object: Need to specify class name in environment or system property, or as an applet parameter, or in an application resource file:  java.naming.factory.initial
15:53:59 TRACE g.u.w.j.u.SqlUtils: Could not find JNDI hook. Trying simple JDBC connection.
15:54:01 DEBUG g.u.w.j.u.SqlUtils: Connection Cycle started:-1, Total Unfinished:2
15:54:01 INFO g.u.c.n.u.DatabaseUtil: *************** Initializing database.
15:54:01 ERROR g.u.w.j.u.SqlUtils: Could not open Connection object: Need to specify class name in environment or system property, or as an applet parameter, or in an application resource file:  java.naming.factory.initial
15:54:01 TRACE g.u.w.j.u.SqlUtils: Could not find JNDI hook. Trying simple JDBC connection.
15:54:08 TRACE g.u.w.j.u.SqlUtils: Opened Testing Connection 1701909002. Total:2
15:54:08 DEBUG g.u.w.j.u.SqlUtils: Connection Cycle started:1701909002, Total Unfinished:3
15:54:11 INFO g.u.c.n.u.DatabaseUtil: *************** Database has been initialized.
15:54:11 TRACE g.u.w.j.u.SqlUtils: Closing Connection 1701909002
15:54:11 TRACE g.u.w.j.u.SqlUtils: Closed Connection. Total:1
15:54:11 DEBUG g.u.w.j.u.SqlUtils: Connection Cycle finished:1701909002, Total Unfinished:2
15:54:11 ERROR g.u.w.j.u.SqlUtils: Could not open Connection object: Need to specify class name in environment or system property, or as an applet parameter, or in an application resource file:  java.naming.factory.initial
15:54:11 TRACE g.u.w.j.u.SqlUtils: Could not find JNDI hook. Trying simple JDBC connection.
15:54:11 TRACE g.u.w.j.u.SqlUtils: Opened Testing Connection 2059016031. Total:2
15:54:11 DEBUG g.u.w.j.u.SqlUtils: Connection Cycle started:2059016031, Total Unfinished:3
15:56:26 INFO g.u.c.n.u.DatabaseUtil: *************** Initializing database.
15:56:26 ERROR g.u.w.j.u.SqlUtils: Could not open Connection object: Need to specify class name in environment or system property, or as an applet parameter, or in an application resource file:  java.naming.factory.initial
15:56:26 TRACE g.u.w.j.u.SqlUtils: Could not find JNDI hook. Trying simple JDBC connection.
15:56:33 TRACE g.u.w.j.u.SqlUtils: Opened Testing Connection 1958735194. Total:1
15:56:33 DEBUG g.u.w.j.u.SqlUtils: Connection Cycle started:1958735194, Total Unfinished:1
15:56:37 INFO g.u.c.n.u.DatabaseUtil: *************** Database has been initialized.
15:56:37 TRACE g.u.w.j.u.SqlUtils: Closing Connection 1958735194
15:56:37 TRACE g.u.w.j.u.SqlUtils: Closed Connection. Total:0
15:56:37 DEBUG g.u.w.j.u.SqlUtils: Connection Cycle finished:1958735194, Total Unfinished:0
15:56:37 ERROR g.u.w.j.u.SqlUtils: Could not open Connection object: Need to specify class name in environment or system property, or as an applet parameter, or in an application resource file:  java.naming.factory.initial
15:56:37 TRACE g.u.w.j.u.SqlUtils: Could not find JNDI hook. Trying simple JDBC connection.
15:56:37 TRACE g.u.w.j.u.SqlUtils: Opened Testing Connection 747621499. Total:1
15:56:37 DEBUG g.u.w.j.u.SqlUtils: Connection Cycle started:747621499, Total Unfinished:1
15:56:37 TRACE g.u.w.j.u.SqlUtils: Closing Connection 747621499
15:56:37 TRACE g.u.w.j.u.SqlUtils: Closed Connection. Total:0
15:56:37 DEBUG g.u.w.j.u.SqlUtils: Connection Cycle finished:747621499, Total Unfinished:0
15:56:37 ERROR g.u.w.j.u.SqlUtils: Could not open Connection object: Need to specify class name in environment or system property, or as an applet parameter, or in an application resource file:  java.naming.factory.initial
15:56:37 TRACE g.u.w.j.u.SqlUtils: Could not find JNDI hook. Trying simple JDBC connection.
15:56:38 DEBUG g.u.w.j.u.SqlUtils: Connection Cycle started:-1, Total Unfinished:1
15:56:38 INFO g.u.c.n.u.DatabaseUtil: *************** Initializing database.
15:56:38 ERROR g.u.w.j.u.SqlUtils: Could not open Connection object: Need to specify class name in environment or system property, or as an applet parameter, or in an application resource file:  java.naming.factory.initial
15:56:38 TRACE g.u.w.j.u.SqlUtils: Could not find JNDI hook. Trying simple JDBC connection.
15:56:39 TRACE g.u.w.j.u.SqlUtils: Opened Testing Connection 310268208. Total:1
15:56:39 DEBUG g.u.w.j.u.SqlUtils: Connection Cycle started:310268208, Total Unfinished:2
15:56:39 TRACE g.u.w.j.u.SqlUtils: Closing Connection 310268208
15:56:39 TRACE g.u.w.j.u.SqlUtils: Closed Connection. Total:0
15:56:39 DEBUG g.u.w.j.u.SqlUtils: Connection Cycle finished:310268208, Total Unfinished:1
15:56:39 ERROR g.u.w.j.u.SqlUtils: Could not open Connection object: Need to specify class name in environment or system property, or as an applet parameter, or in an application resource file:  java.naming.factory.initial
15:56:39 TRACE g.u.w.j.u.SqlUtils: Could not find JNDI hook. Trying simple JDBC connection.
15:56:39 DEBUG g.u.w.j.u.SqlUtils: Connection Cycle started:-1, Total Unfinished:2
15:56:39 INFO g.u.c.n.u.DatabaseUtil: *************** Initializing database.
15:56:39 ERROR g.u.w.j.u.SqlUtils: Could not open Connection object: Need to specify class name in environment or system property, or as an applet parameter, or in an application resource file:  java.naming.factory.initial
15:56:39 TRACE g.u.w.j.u.SqlUtils: Could not find JNDI hook. Trying simple JDBC connection.
15:56:46 TRACE g.u.w.j.u.SqlUtils: Opened Testing Connection 1105781060. Total:1
15:56:46 DEBUG g.u.w.j.u.SqlUtils: Connection Cycle started:1105781060, Total Unfinished:3
15:56:49 INFO g.u.c.n.u.DatabaseUtil: *************** Database has been initialized.
15:56:49 TRACE g.u.w.j.u.SqlUtils: Closing Connection 1105781060
15:56:49 TRACE g.u.w.j.u.SqlUtils: Closed Connection. Total:0
15:56:49 DEBUG g.u.w.j.u.SqlUtils: Connection Cycle finished:1105781060, Total Unfinished:2
15:56:49 ERROR g.u.w.j.u.SqlUtils: Could not open Connection object: Need to specify class name in environment or system property, or as an applet parameter, or in an application resource file:  java.naming.factory.initial
15:56:49 TRACE g.u.w.j.u.SqlUtils: Could not find JNDI hook. Trying simple JDBC connection.
15:56:49 TRACE g.u.w.j.u.SqlUtils: Opened Testing Connection 1285541986. Total:1
15:56:49 DEBUG g.u.w.j.u.SqlUtils: Connection Cycle started:1285541986, Total Unfinished:3
15:56:49 TRACE g.u.w.j.u.SqlUtils: Closing Connection 1285541986
15:56:49 TRACE g.u.w.j.u.SqlUtils: Closed Connection. Total:0
15:56:49 DEBUG g.u.w.j.u.SqlUtils: Connection Cycle finished:1285541986, Total Unfinished:2
15:56:49 ERROR g.u.w.j.u.SqlUtils: Could not open Connection object: Need to specify class name in environment or system property, or as an applet parameter, or in an application resource file:  java.naming.factory.initial
15:56:49 TRACE g.u.w.j.u.SqlUtils: Could not find JNDI hook. Trying simple JDBC connection.
15:56:50 DEBUG g.u.w.j.u.SqlUtils: Connection Cycle started:-1, Total Unfinished:3
16:09:54 INFO g.u.c.n.u.DatabaseUtil: *************** Initializing database.
16:09:54 ERROR g.u.w.j.u.SqlUtils: Could not open Connection object: Need to specify class name in environment or system property, or as an applet parameter, or in an application resource file:  java.naming.factory.initial
16:09:54 TRACE g.u.w.j.u.SqlUtils: Could not find JNDI hook. Trying simple JDBC connection.
16:09:55 TRACE g.u.w.j.u.SqlUtils: Opened Testing Connection 1311711893. Total:1
16:09:55 DEBUG g.u.w.j.u.SqlUtils: Connection Cycle started:1311711893, Total Unfinished:1
16:09:55 TRACE g.u.w.j.u.SqlUtils: Closing Connection 1311711893
16:09:55 TRACE g.u.w.j.u.SqlUtils: Closed Connection. Total:0
16:09:55 DEBUG g.u.w.j.u.SqlUtils: Connection Cycle finished:1311711893, Total Unfinished:0
16:09:55 ERROR g.u.w.j.u.SqlUtils: Could not open Connection object: Need to specify class name in environment or system property, or as an applet parameter, or in an application resource file:  java.naming.factory.initial
16:09:55 TRACE g.u.w.j.u.SqlUtils: Could not find JNDI hook. Trying simple JDBC connection.
16:09:55 DEBUG g.u.w.j.u.SqlUtils: Connection Cycle started:-1, Total Unfinished:1
16:09:55 INFO g.u.c.n.u.DatabaseUtil: *************** Initializing database.
16:09:55 ERROR g.u.w.j.u.SqlUtils: Could not open Connection object: Need to specify class name in environment or system property, or as an applet parameter, or in an application resource file:  java.naming.factory.initial
16:09:55 TRACE g.u.w.j.u.SqlUtils: Could not find JNDI hook. Trying simple JDBC connection.
16:10:02 TRACE g.u.w.j.u.SqlUtils: Opened Testing Connection 931090363. Total:1
16:10:02 DEBUG g.u.w.j.u.SqlUtils: Connection Cycle started:931090363, Total Unfinished:2
16:10:06 INFO g.u.c.n.u.DatabaseUtil: *************** Database has been initialized.
16:10:06 TRACE g.u.w.j.u.SqlUtils: Closing Connection 931090363
16:10:06 TRACE g.u.w.j.u.SqlUtils: Closed Connection. Total:0
16:10:06 DEBUG g.u.w.j.u.SqlUtils: Connection Cycle finished:931090363, Total Unfinished:1
16:10:06 ERROR g.u.w.j.u.SqlUtils: Could not open Connection object: Need to specify class name in environment or system property, or as an applet parameter, or in an application resource file:  java.naming.factory.initial
16:10:06 TRACE g.u.w.j.u.SqlUtils: Could not find JNDI hook. Trying simple JDBC connection.
16:10:06 TRACE g.u.w.j.u.SqlUtils: Opened Testing Connection 1440218161. Total:1
16:10:06 DEBUG g.u.w.j.u.SqlUtils: Connection Cycle started:1440218161, Total Unfinished:2
16:10:06 TRACE g.u.w.j.u.SqlUtils: Closing Connection 1440218161
16:10:06 TRACE g.u.w.j.u.SqlUtils: Closed Connection. Total:0
16:10:06 DEBUG g.u.w.j.u.SqlUtils: Connection Cycle finished:1440218161, Total Unfinished:1
16:10:06 ERROR g.u.w.j.u.SqlUtils: Could not open Connection object: Need to specify class name in environment or system property, or as an applet parameter, or in an application resource file:  java.naming.factory.initial
16:10:06 TRACE g.u.w.j.u.SqlUtils: Could not find JNDI hook. Trying simple JDBC connection.
16:10:07 DEBUG g.u.w.j.u.SqlUtils: Connection Cycle started:-1, Total Unfinished:2
16:10:07 INFO g.u.c.n.u.DatabaseUtil: *************** Initializing database.
16:10:07 ERROR g.u.w.j.u.SqlUtils: Could not open Connection object: Need to specify class name in environment or system property, or as an applet parameter, or in an application resource file:  java.naming.factory.initial
16:10:07 TRACE g.u.w.j.u.SqlUtils: Could not find JNDI hook. Trying simple JDBC connection.
16:10:14 TRACE g.u.w.j.u.SqlUtils: Opened Testing Connection 357784152. Total:1
16:10:14 DEBUG g.u.w.j.u.SqlUtils: Connection Cycle started:357784152, Total Unfinished:3
16:10:17 INFO g.u.c.n.u.DatabaseUtil: *************** Database has been initialized.
16:10:17 TRACE g.u.w.j.u.SqlUtils: Closing Connection 357784152
16:10:17 TRACE g.u.w.j.u.SqlUtils: Closed Connection. Total:0
16:10:17 DEBUG g.u.w.j.u.SqlUtils: Connection Cycle finished:357784152, Total Unfinished:2
16:10:17 ERROR g.u.w.j.u.SqlUtils: Could not open Connection object: Need to specify class name in environment or system property, or as an applet parameter, or in an application resource file:  java.naming.factory.initial
16:10:17 TRACE g.u.w.j.u.SqlUtils: Could not find JNDI hook. Trying simple JDBC connection.
16:10:17 TRACE g.u.w.j.u.SqlUtils: Opened Testing Connection 1827130956. Total:1
16:10:17 DEBUG g.u.w.j.u.SqlUtils: Connection Cycle started:1827130956, Total Unfinished:3
16:10:17 TRACE g.u.w.j.u.SqlUtils: Closing Connection 1827130956
16:10:17 TRACE g.u.w.j.u.SqlUtils: Closed Connection. Total:0
16:10:17 DEBUG g.u.w.j.u.SqlUtils: Connection Cycle finished:1827130956, Total Unfinished:2
16:10:17 ERROR g.u.w.j.u.SqlUtils: Could not open Connection object: Need to specify class name in environment or system property, or as an applet parameter, or in an application resource file:  java.naming.factory.initial
16:10:17 TRACE g.u.w.j.u.SqlUtils: Could not find JNDI hook. Trying simple JDBC connection.
16:10:19 DEBUG g.u.w.j.u.SqlUtils: Connection Cycle started:-1, Total Unfinished:3
16:14:30 INFO g.u.c.n.u.DatabaseUtil: *************** Initializing database.
16:14:30 ERROR g.u.w.j.u.SqlUtils: Could not open Connection object: Need to specify class name in environment or system property, or as an applet parameter, or in an application resource file:  java.naming.factory.initial
16:14:30 TRACE g.u.w.j.u.SqlUtils: Could not find JNDI hook. Trying simple JDBC connection.
16:14:40 TRACE g.u.w.j.u.SqlUtils: Opened Testing Connection 1619027613. Total:1
16:14:40 DEBUG g.u.w.j.u.SqlUtils: Connection Cycle started:1619027613, Total Unfinished:1
16:14:47 INFO g.u.c.n.u.DatabaseUtil: *************** Database has been initialized.
16:14:56 TRACE g.u.w.j.u.SqlUtils: Closing Connection 1619027613
16:14:56 TRACE g.u.w.j.u.SqlUtils: Closed Connection. Total:0
16:14:56 DEBUG g.u.w.j.u.SqlUtils: Connection Cycle finished:1619027613, Total Unfinished:0
16:15:17 ERROR g.u.w.j.u.SqlUtils: Could not open Connection object: Need to specify class name in environment or system property, or as an applet parameter, or in an application resource file:  java.naming.factory.initial
16:15:17 TRACE g.u.w.j.u.SqlUtils: Could not find JNDI hook. Trying simple JDBC connection.
16:15:17 TRACE g.u.w.j.u.SqlUtils: Opened Testing Connection 1686896106. Total:1
16:15:17 DEBUG g.u.w.j.u.SqlUtils: Connection Cycle started:1686896106, Total Unfinished:1
16:15:33 TRACE g.u.w.j.u.SqlUtils: Closing Connection 1686896106
16:15:33 TRACE g.u.w.j.u.SqlUtils: Closed Connection. Total:0
16:15:33 DEBUG g.u.w.j.u.SqlUtils: Connection Cycle finished:1686896106, Total Unfinished:0
16:15:33 ERROR g.u.w.j.u.SqlUtils: Could not open Connection object: Need to specify class name in environment or system property, or as an applet parameter, or in an application resource file:  java.naming.factory.initial
16:15:33 TRACE g.u.w.j.u.SqlUtils: Could not find JNDI hook. Trying simple JDBC connection.
16:15:35 DEBUG g.u.w.j.u.SqlUtils: Connection Cycle started:-1, Total Unfinished:1
16:15:52 INFO g.u.c.n.u.DatabaseUtil: *************** Initializing database.
16:15:52 ERROR g.u.w.j.u.SqlUtils: Could not open Connection object: Need to specify class name in environment or system property, or as an applet parameter, or in an application resource file:  java.naming.factory.initial
16:15:52 TRACE g.u.w.j.u.SqlUtils: Could not find JNDI hook. Trying simple JDBC connection.
16:15:59 TRACE g.u.w.j.u.SqlUtils: Opened Testing Connection 712215153. Total:1
16:15:59 DEBUG g.u.w.j.u.SqlUtils: Connection Cycle started:712215153, Total Unfinished:1
16:16:02 INFO g.u.c.n.u.DatabaseUtil: *************** Database has been initialized.
16:16:04 TRACE g.u.w.j.u.SqlUtils: Closing Connection 712215153
16:16:04 TRACE g.u.w.j.u.SqlUtils: Closed Connection. Total:0
16:16:04 DEBUG g.u.w.j.u.SqlUtils: Connection Cycle finished:712215153, Total Unfinished:0
16:16:04 ERROR g.u.w.j.u.SqlUtils: Could not open Connection object: Need to specify class name in environment or system property, or as an applet parameter, or in an application resource file:  java.naming.factory.initial
16:16:04 TRACE g.u.w.j.u.SqlUtils: Could not find JNDI hook. Trying simple JDBC connection.
16:16:04 TRACE g.u.w.j.u.SqlUtils: Opened Testing Connection 1894317513. Total:1
16:16:04 DEBUG g.u.w.j.u.SqlUtils: Connection Cycle started:1894317513, Total Unfinished:1
16:16:05 TRACE g.u.w.j.u.SqlUtils: Closing Connection 1894317513
16:16:05 TRACE g.u.w.j.u.SqlUtils: Closed Connection. Total:0
16:16:05 DEBUG g.u.w.j.u.SqlUtils: Connection Cycle finished:1894317513, Total Unfinished:0
16:16:05 ERROR g.u.w.j.u.SqlUtils: Could not open Connection object: Need to specify class name in environment or system property, or as an applet parameter, or in an application resource file:  java.naming.factory.initial
16:16:05 TRACE g.u.w.j.u.SqlUtils: Could not find JNDI hook. Trying simple JDBC connection.
16:16:07 DEBUG g.u.w.j.u.SqlUtils: Connection Cycle started:-1, Total Unfinished:1
16:16:54 INFO g.u.c.n.u.DatabaseUtil: *************** Initializing database.
16:16:54 ERROR g.u.w.j.u.SqlUtils: Could not open Connection object: Need to specify class name in environment or system property, or as an applet parameter, or in an application resource file:  java.naming.factory.initial
16:16:54 TRACE g.u.w.j.u.SqlUtils: Could not find JNDI hook. Trying simple JDBC connection.
16:17:01 TRACE g.u.w.j.u.SqlUtils: Opened Testing Connection 1958735194. Total:1
16:17:01 DEBUG g.u.w.j.u.SqlUtils: Connection Cycle started:1958735194, Total Unfinished:1
16:17:04 INFO g.u.c.n.u.DatabaseUtil: *************** Database has been initialized.
16:17:04 TRACE g.u.w.j.u.SqlUtils: Closing Connection 1958735194
16:17:04 TRACE g.u.w.j.u.SqlUtils: Closed Connection. Total:0
16:17:04 DEBUG g.u.w.j.u.SqlUtils: Connection Cycle finished:1958735194, Total Unfinished:0
16:17:04 ERROR g.u.w.j.u.SqlUtils: Could not open Connection object: Need to specify class name in environment or system property, or as an applet parameter, or in an application resource file:  java.naming.factory.initial
16:17:04 TRACE g.u.w.j.u.SqlUtils: Could not find JNDI hook. Trying simple JDBC connection.
16:17:04 TRACE g.u.w.j.u.SqlUtils: Opened Testing Connection 1978854866. Total:1
16:17:04 DEBUG g.u.w.j.u.SqlUtils: Connection Cycle started:1978854866, Total Unfinished:1
16:17:04 TRACE g.u.w.j.u.SqlUtils: Closing Connection 1978854866
16:17:04 TRACE g.u.w.j.u.SqlUtils: Closed Connection. Total:0
16:17:04 DEBUG g.u.w.j.u.SqlUtils: Connection Cycle finished:1978854866, Total Unfinished:0
16:17:04 ERROR g.u.w.j.u.SqlUtils: Could not open Connection object: Need to specify class name in environment or system property, or as an applet parameter, or in an application resource file:  java.naming.factory.initial
16:17:04 TRACE g.u.w.j.u.SqlUtils: Could not find JNDI hook. Trying simple JDBC connection.
16:17:06 DEBUG g.u.w.j.u.SqlUtils: Connection Cycle started:-1, Total Unfinished:1
16:17:06 INFO g.u.c.n.u.DatabaseUtil: *************** Initializing database.
16:17:06 ERROR g.u.w.j.u.SqlUtils: Could not open Connection object: Need to specify class name in environment or system property, or as an applet parameter, or in an application resource file:  java.naming.factory.initial
16:17:06 TRACE g.u.w.j.u.SqlUtils: Could not find JNDI hook. Trying simple JDBC connection.
16:17:13 TRACE g.u.w.j.u.SqlUtils: Opened Testing Connection 454296260. Total:1
16:17:13 DEBUG g.u.w.j.u.SqlUtils: Connection Cycle started:454296260, Total Unfinished:2
16:17:16 INFO g.u.c.n.u.DatabaseUtil: *************** Database has been initialized.
16:17:16 TRACE g.u.w.j.u.SqlUtils: Closing Connection 454296260
16:17:16 TRACE g.u.w.j.u.SqlUtils: Closed Connection. Total:0
16:17:16 DEBUG g.u.w.j.u.SqlUtils: Connection Cycle finished:454296260, Total Unfinished:1
16:17:16 ERROR g.u.w.j.u.SqlUtils: Could not open Connection object: Need to specify class name in environment or system property, or as an applet parameter, or in an application resource file:  java.naming.factory.initial
16:17:16 TRACE g.u.w.j.u.SqlUtils: Could not find JNDI hook. Trying simple JDBC connection.
16:17:16 TRACE g.u.w.j.u.SqlUtils: Opened Testing Connection 297842848. Total:1
16:17:16 DEBUG g.u.w.j.u.SqlUtils: Connection Cycle started:297842848, Total Unfinished:2
16:17:16 TRACE g.u.w.j.u.SqlUtils: Closing Connection 297842848
16:17:16 TRACE g.u.w.j.u.SqlUtils: Closed Connection. Total:0
16:17:16 DEBUG g.u.w.j.u.SqlUtils: Connection Cycle finished:297842848, Total Unfinished:1
16:17:16 ERROR g.u.w.j.u.SqlUtils: Could not open Connection object: Need to specify class name in environment or system property, or as an applet parameter, or in an application resource file:  java.naming.factory.initial
16:17:16 TRACE g.u.w.j.u.SqlUtils: Could not find JNDI hook. Trying simple JDBC connection.
16:17:18 DEBUG g.u.w.j.u.SqlUtils: Connection Cycle started:-1, Total Unfinished:2
16:17:18 INFO g.u.c.n.u.DatabaseUtil: *************** Initializing database.
16:17:18 ERROR g.u.w.j.u.SqlUtils: Could not open Connection object: Need to specify class name in environment or system property, or as an applet parameter, or in an application resource file:  java.naming.factory.initial
16:17:18 TRACE g.u.w.j.u.SqlUtils: Could not find JNDI hook. Trying simple JDBC connection.
16:17:24 TRACE g.u.w.j.u.SqlUtils: Opened Testing Connection 1635190287. Total:1
16:17:24 DEBUG g.u.w.j.u.SqlUtils: Connection Cycle started:1635190287, Total Unfinished:3
16:17:27 INFO g.u.c.n.u.DatabaseUtil: *************** Database has been initialized.
16:17:27 TRACE g.u.w.j.u.SqlUtils: Closing Connection 1635190287
16:17:27 TRACE g.u.w.j.u.SqlUtils: Closed Connection. Total:0
16:17:27 DEBUG g.u.w.j.u.SqlUtils: Connection Cycle finished:1635190287, Total Unfinished:2
16:17:27 ERROR g.u.w.j.u.SqlUtils: Could not open Connection object: Need to specify class name in environment or system property, or as an applet parameter, or in an application resource file:  java.naming.factory.initial
16:17:27 TRACE g.u.w.j.u.SqlUtils: Could not find JNDI hook. Trying simple JDBC connection.
16:17:27 TRACE g.u.w.j.u.SqlUtils: Opened Testing Connection 1860580894. Total:1
16:17:27 DEBUG g.u.w.j.u.SqlUtils: Connection Cycle started:1860580894, Total Unfinished:3
16:17:27 TRACE g.u.w.j.u.SqlUtils: Closing Connection 1860580894
16:17:27 TRACE g.u.w.j.u.SqlUtils: Closed Connection. Total:0
16:17:27 DEBUG g.u.w.j.u.SqlUtils: Connection Cycle finished:1860580894, Total Unfinished:2
16:17:27 ERROR g.u.w.j.u.SqlUtils: Could not open Connection object: Need to specify class name in environment or system property, or as an applet parameter, or in an application resource file:  java.naming.factory.initial
16:17:27 TRACE g.u.w.j.u.SqlUtils: Could not find JNDI hook. Trying simple JDBC connection.
16:17:29 DEBUG g.u.w.j.u.SqlUtils: Connection Cycle started:-1, Total Unfinished:3
